<?xml version="1.0" encoding="UTF-8"?>
<!-- Generated by org.testng.reporters.JUnitXMLReporter -->
<testsuite ignored="0" hostname="BHAGAVATH" failures="0" tests="5" name="Test" time="39.916" errors="0" timestamp="2025-04-10T15:06:09 IST">
  <testcase classname="Tests.LaunchUrl" name="setup" time="5.574"/>
  <testcase classname="Tests.MouseHover" name="hoverTabs" time="3.74"/>
  <testcase classname="Tests.Login" name="loginDetails" time="12.356"/>
  <testcase classname="Tests.Login" name="serachBar" time="15.922"/>
  <testcase classname="Tests.Login" name="logout" time="2.271"/>
</testsuite> <!-- Test -->
