<?xml version="1.0" encoding="UTF-8"?>
<!-- Generated by org.testng.reporters.JUnitXMLReporter -->
<testsuite ignored="0" hostname="BHAGAVATH" failures="0" tests="5" name="Test" time="34.419" errors="0" timestamp="2025-04-10T14:00:23 IST">
  <testcase classname="Tests.LaunchUrl" name="setup" time="5.552"/>
  <testcase classname="Tests.MouseHover" name="hoverTabs" time="4.246"/>
  <testcase classname="Tests.Login" name="loginDetails" time="11.131"/>
  <testcase classname="Tests.Login" name="serachBar" time="10.695"/>
  <testcase classname="Tests.Login" name="logout" time="2.727"/>
</testsuite> <!-- Test -->
