<?xml version="1.0" encoding="UTF-8"?>
<testng-results ignored="0" total="5" passed="5" failed="0" skipped="0">
  <reporter-output>
  </reporter-output>
  <suite started-at="2025-04-10T13:59:48 IST" name="Suite" finished-at="2025-04-10T14:00:22 IST" duration-ms="34419">
    <groups>
    </groups>
    <test started-at="2025-04-10T13:59:48 IST" name="Test" finished-at="2025-04-10T14:00:22 IST" duration-ms="34419">
      <class name="Tests.LaunchUrl">
        <test-method signature="setup()[pri:0, instance:Tests.LaunchUrl@20ccf40b]" started-at="2025-04-10T13:59:48 IST" name="setup" finished-at="2025-04-10T13:59:53 IST" duration-ms="5552" status="PASS">
          <reporter-output>
          </reporter-output>
        </test-method> <!-- setup -->
      </class> <!-- Tests.LaunchUrl -->
      <class name="Tests.MouseHover">
        <test-method signature="hoverTabs()[pri:0, instance:Tests.MouseHover@5ba3f27a]" started-at="2025-04-10T13:59:53 IST" name="hoverTabs" finished-at="2025-04-10T13:59:58 IST" duration-ms="4246" status="PASS">
          <reporter-output>
          </reporter-output>
        </test-method> <!-- hoverTabs -->
      </class> <!-- Tests.MouseHover -->
      <class name="Tests.Login">
        <test-method signature="loginDetails()[pri:1, instance:Tests.Login@58d75e99]" started-at="2025-04-10T13:59:58 IST" name="loginDetails" finished-at="2025-04-10T14:00:09 IST" duration-ms="11131" status="PASS">
          <reporter-output>
          </reporter-output>
        </test-method> <!-- loginDetails -->
        <test-method signature="serachBar()[pri:2, instance:Tests.Login@58d75e99]" started-at="2025-04-10T14:00:09 IST" name="serachBar" finished-at="2025-04-10T14:00:19 IST" duration-ms="10695" status="PASS">
          <reporter-output>
          </reporter-output>
        </test-method> <!-- serachBar -->
        <test-method signature="logout()[pri:3, instance:Tests.Login@58d75e99]" started-at="2025-04-10T14:00:19 IST" name="logout" finished-at="2025-04-10T14:00:22 IST" duration-ms="2727" status="PASS">
          <reporter-output>
          </reporter-output>
        </test-method> <!-- logout -->
      </class> <!-- Tests.Login -->
    </test> <!-- Test -->
  </suite> <!-- Suite -->
</testng-results>
