<?xml version="1.0" encoding="UTF-8"?>
<testng-results ignored="0" total="5" passed="5" failed="0" skipped="0">
  <reporter-output>
  </reporter-output>
  <suite started-at="2025-04-10T15:05:29 IST" name="Suite" finished-at="2025-04-10T15:06:09 IST" duration-ms="39916">
    <groups>
    </groups>
    <test started-at="2025-04-10T15:05:29 IST" name="Test" finished-at="2025-04-10T15:06:09 IST" duration-ms="39916">
      <class name="Tests.LaunchUrl">
        <test-method signature="setup()[pri:0, instance:Tests.LaunchUrl@20ccf40b]" started-at="2025-04-10T15:05:29 IST" name="setup" finished-at="2025-04-10T15:05:34 IST" duration-ms="5574" status="PASS">
          <reporter-output>
          </reporter-output>
        </test-method> <!-- setup -->
      </class> <!-- Tests.LaunchUrl -->
      <class name="Tests.MouseHover">
        <test-method signature="hoverTabs()[pri:0, instance:Tests.MouseHover@5ba3f27a]" started-at="2025-04-10T15:05:34 IST" name="hoverTabs" finished-at="2025-04-10T15:05:38 IST" duration-ms="3740" status="PASS">
          <reporter-output>
          </reporter-output>
        </test-method> <!-- hoverTabs -->
      </class> <!-- Tests.MouseHover -->
      <class name="Tests.Login">
        <test-method signature="loginDetails()[pri:1, instance:Tests.Login@58d75e99]" started-at="2025-04-10T15:05:38 IST" name="loginDetails" finished-at="2025-04-10T15:05:50 IST" duration-ms="12356" status="PASS">
          <reporter-output>
          </reporter-output>
        </test-method> <!-- loginDetails -->
        <test-method signature="serachBar()[pri:2, instance:Tests.Login@58d75e99]" started-at="2025-04-10T15:05:50 IST" name="serachBar" finished-at="2025-04-10T15:06:06 IST" duration-ms="15922" status="PASS">
          <reporter-output>
          </reporter-output>
        </test-method> <!-- serachBar -->
        <test-method signature="logout()[pri:3, instance:Tests.Login@58d75e99]" started-at="2025-04-10T15:06:06 IST" name="logout" finished-at="2025-04-10T15:06:09 IST" duration-ms="2271" status="PASS">
          <reporter-output>
          </reporter-output>
        </test-method> <!-- logout -->
      </class> <!-- Tests.Login -->
    </test> <!-- Test -->
  </suite> <!-- Suite -->
</testng-results>
